#
# There is insufficient memory for the Java Runtime Environment to continue.
# Native memory allocation (mmap) failed to map 134217728 bytes for G1 virtual space
# Possible reasons:
#   The system is out of physical RAM or swap space
#   The process is running with CompressedOops enabled, and the Java Heap may be blocking the growth of the native heap
# Possible solutions:
#   Reduce memory load on the system
#   Increase physical memory or swap space
#   Check if swap backing store is full
#   Decrease Java heap size (-Xmx/-Xms)
#   Decrease number of Java threads
#   Decrease Java thread stack sizes (-Xss)
#   Set larger code cache with -XX:ReservedCodeCacheSize=
#   JVM is running with Unscaled Compressed Oops mode in which the Java heap is
#     placed in the first 4GB address space. The Java Heap base address is the
#     maximum limit for the native heap growth. Please use -XX:HeapBaseMinAddress
#     to set the Java Heap base and to place the Java Heap above 4GB virtual address.
# This output file may be truncated or incomplete.
#
#  Out of Memory Error (os_windows.cpp:3527), pid=21800, tid=22960
#
# JRE version:  (19.0.1+10) (build )
# Java VM: Java HotSpot(TM) 64-Bit Server VM (19.0.1+10-21, mixed mode, sharing, tiered, compressed oops, compressed class ptrs, g1 gc, windows-amd64)
# No core dump will be written. Minidumps are not enabled by default on client versions of Windows
#

---------------  S U M M A R Y ------------

Command Line: -Dfile.encoding=UTF-8 --module-path=C:\Users\admin\git\OOP\motorPH2\bin -XX:+ShowCodeDetailsInExceptionMessages -Djdk.module.main=motorPH motorPH/motor_PHSystem.Main

Host: Intel(R) Core(TM) i5-9400 CPU @ 2.90GHz, 6 cores, 7G,  Windows 10 , 64 bit Build 19041 (10.0.19041.3636)
Time: Sun Mar 24 22:08:57 2024 Malay Peninsula Standard Time elapsed time: 0.008186 seconds (0d 0h 0m 0s)

---------------  T H R E A D  ---------------

Current thread (0x0000021e87e3ddc0):  JavaThread "Unknown thread" [_thread_in_vm, id=22960, stack(0x000000ed2ed00000,0x000000ed2ee00000)]

Stack: [0x000000ed2ed00000,0x000000ed2ee00000]
Native frames: (J=compiled Java code, j=interpreted, Vv=VM code, C=native code)
V  [jvm.dll+0x6ee8fa]
V  [jvm.dll+0x857a1e]
V  [jvm.dll+0x85940e]
V  [jvm.dll+0x859ac3]
V  [jvm.dll+0x28291f]
V  [jvm.dll+0x6eb6e9]
V  [jvm.dll+0x6e028a]
V  [jvm.dll+0x357136]
V  [jvm.dll+0x35eb96]
V  [jvm.dll+0x3b555e]
V  [jvm.dll+0x3b578f]
V  [jvm.dll+0x32c6ea]
V  [jvm.dll+0x32d59e]
V  [jvm.dll+0x821b20]
V  [jvm.dll+0x3c27c1]
V  [jvm.dll+0x8022f1]
V  [jvm.dll+0x44b30f]
V  [jvm.dll+0x44cc91]
C  [jli.dll+0x5287]
C  [ucrtbase.dll+0x21bb2]
C  [KERNEL32.DLL+0x17344]
C  [ntdll.dll+0x526b1]


---------------  P R O C E S S  ---------------

Threads class SMR info:
_java_thread_list=0x00007fff2c8bd048, length=0, elements={
}

Java Threads: ( => current thread )

Other Threads:
  0x0000021e87e9ddb0 WorkerThread "GC Thread#0" [stack: 0x000000ed2ee00000,0x000000ed2ef00000] [id=9772]
  0x0000021e87eafa10 ConcurrentGCThread "G1 Main Marker" [stack: 0x000000ed2ef00000,0x000000ed2f000000] [id=12844]
  0x0000021e87eb0af0 WorkerThread "G1 Conc#0" [stack: 0x000000ed2f000000,0x000000ed2f100000] [id=13072]

[error occurred during error reporting (printing all threads), id 0xc0000005, EXCEPTION_ACCESS_VIOLATION (0xc0000005) at pc=0x00007fff2c07d127]

VM state: not at safepoint (not fully initialized)

VM Mutex/Monitor currently owned by a thread:  ([mutex/lock_event])
[0x0000021e87e39670] Heap_lock - owner thread: 0x0000021e87e3ddc0

Heap address: 0x0000000081e00000, size: 2018 MB, Compressed Oops mode: 32-bit

CDS archive(s) mapped at: [0x0000000000000000-0x0000000000000000-0x0000000000000000), size 0, SharedBaseAddress: 0x0000000800000000, ArchiveRelocationMode: 0.
Narrow klass base: 0x0000000000000000, Narrow klass shift: 0, Narrow klass range: 0x0

GC Precious Log:
 CardTable entry size: 512
 Card Set container configuration: InlinePtr #cards 5 size 8 Array Of Cards #cards 12 size 40 Howl #buckets 4 coarsen threshold 1843 Howl Bitmap #cards 512 size 80 coarsen threshold 460 Card regions per heap region 1 cards per card region 2048

Heap:
 garbage-first heap   total 0K, used 0K [0x0000000081e00000, 0x0000000100000000)
  region size 1024K, 0 young (0K), 0 survivors (0K)

[error occurred during error reporting (printing heap information), id 0xc0000005, EXCEPTION_ACCESS_VIOLATION (0xc0000005) at pc=0x00007fff2c486959]

GC Heap History (0 events):
No events

Dll operation events (1 events):
Event: 0.005 Loaded shared library C:\Program Files\Java\jdk-19\bin\java.dll

Deoptimization events (0 events):
No events

Classes loaded (0 events):
No events

Classes unloaded (0 events):
No events

Classes redefined (0 events):
No events

Internal exceptions (0 events):
No events

VM Operations (0 events):
No events

Events (0 events):
No events


Dynamic libraries:
0x00007ff7be4f0000 - 0x00007ff7be500000 	C:\Program Files\Java\jdk-19\bin\javaw.exe
0x00007fffb9ad0000 - 0x00007fffb9cc8000 	C:\WINDOWS\SYSTEM32\ntdll.dll
0x00007fffb8250000 - 0x00007fffb830d000 	C:\WINDOWS\System32\KERNEL32.DLL
0x00007fffb7650000 - 0x00007fffb7946000 	C:\WINDOWS\System32\KERNELBASE.dll
0x00007fffb7440000 - 0x00007fffb7540000 	C:\WINDOWS\System32\ucrtbase.dll
0x00007fffac050000 - 0x00007fffac06b000 	C:\Program Files\Java\jdk-19\bin\VCRUNTIME140.dll
0x00007fffa1bf0000 - 0x00007fffa1c08000 	C:\Program Files\Java\jdk-19\bin\jli.dll
0x00007fffb7d20000 - 0x00007fffb7dd0000 	C:\WINDOWS\System32\ADVAPI32.dll
0x00007fffb8730000 - 0x00007fffb87ce000 	C:\WINDOWS\System32\msvcrt.dll
0x00007fffb87d0000 - 0x00007fffb8870000 	C:\WINDOWS\System32\sechost.dll
0x00007fffb7b00000 - 0x00007fffb7c25000 	C:\WINDOWS\System32\RPCRT4.dll
0x00007fffb75f0000 - 0x00007fffb7617000 	C:\WINDOWS\System32\bcrypt.dll
0x00007fffb80b0000 - 0x00007fffb824e000 	C:\WINDOWS\System32\USER32.dll
0x00007fffb7620000 - 0x00007fffb7642000 	C:\WINDOWS\System32\win32u.dll
0x00007fffa4250000 - 0x00007fffa44ea000 	C:\WINDOWS\WinSxS\amd64_microsoft.windows.common-controls_6595b64144ccf1df_6.0.19041.3636_none_60b6a03d71f818d5\COMCTL32.dll
0x00007fffb99e0000 - 0x00007fffb9a0b000 	C:\WINDOWS\System32\GDI32.dll
0x00007fffb79e0000 - 0x00007fffb7af7000 	C:\WINDOWS\System32\gdi32full.dll
0x00007fffb73a0000 - 0x00007fffb743d000 	C:\WINDOWS\System32\msvcp_win.dll
0x00007fffb1de0000 - 0x00007fffb1dea000 	C:\WINDOWS\SYSTEM32\VERSION.dll
0x00007fffb98f0000 - 0x00007fffb9922000 	C:\WINDOWS\System32\IMM32.DLL
0x00007fffa1120000 - 0x00007fffa112c000 	C:\Program Files\Java\jdk-19\bin\vcruntime140_1.dll
0x00007fff892b0000 - 0x00007fff8933e000 	C:\Program Files\Java\jdk-19\bin\msvcp140.dll
0x00007fff2bd40000 - 0x00007fff2ca00000 	C:\Program Files\Java\jdk-19\bin\server\jvm.dll
0x00007fffa4140000 - 0x00007fffa4149000 	C:\WINDOWS\SYSTEM32\WSOCK32.dll
0x00007fffa5860000 - 0x00007fffa5887000 	C:\WINDOWS\SYSTEM32\WINMM.dll
0x00007fffb8a10000 - 0x00007fffb8a7b000 	C:\WINDOWS\System32\WS2_32.dll
0x00007fffb5050000 - 0x00007fffb5062000 	C:\WINDOWS\SYSTEM32\kernel.appcore.dll
0x00007fffa1110000 - 0x00007fffa111a000 	C:\Program Files\Java\jdk-19\bin\jimage.dll
0x00007fff9e200000 - 0x00007fff9e3e4000 	C:\WINDOWS\SYSTEM32\DBGHELP.DLL
0x00007fff9e0f0000 - 0x00007fff9e124000 	C:\WINDOWS\SYSTEM32\dbgcore.DLL
0x00007fffb7950000 - 0x00007fffb79d2000 	C:\WINDOWS\System32\bcryptPrimitives.dll
0x00007fff9c610000 - 0x00007fff9c636000 	C:\Program Files\Java\jdk-19\bin\java.dll

dbghelp: loaded successfully - version: 4.0.5 - missing functions: none
symbol engine: initialized successfully - sym options: 0x614 - pdb path: .;C:\Program Files\Java\jdk-19\bin;C:\WINDOWS\SYSTEM32;C:\WINDOWS\WinSxS\amd64_microsoft.windows.common-controls_6595b64144ccf1df_6.0.19041.3636_none_60b6a03d71f818d5;C:\Program Files\Java\jdk-19\bin\server

VM Arguments:
jvm_args: -Dfile.encoding=UTF-8 --module-path=C:\Users\admin\git\OOP\motorPH2\bin -XX:+ShowCodeDetailsInExceptionMessages -Djdk.module.main=motorPH 
java_command: motorPH/motor_PHSystem.Main
java_class_path (initial): <not set>
Launcher Type: SUN_STANDARD

[Global flags]
     intx CICompilerCount                          = 3                                         {product} {ergonomic}
     uint ConcGCThreads                            = 2                                         {product} {ergonomic}
     uint G1ConcRefinementThreads                  = 6                                         {product} {ergonomic}
   size_t G1HeapRegionSize                         = 1048576                                   {product} {ergonomic}
    uintx GCDrainStackTargetSize                   = 64                                        {product} {ergonomic}
   size_t InitialHeapSize                          = 134217728                                 {product} {ergonomic}
   size_t MarkStackSize                            = 4194304                                   {product} {ergonomic}
   size_t MaxHeapSize                              = 2116026368                                {product} {ergonomic}
   size_t MinHeapDeltaBytes                        = 1048576                                   {product} {ergonomic}
   size_t MinHeapSize                              = 8388608                                   {product} {ergonomic}
    uintx NonNMethodCodeHeapSize                   = 5832780                                {pd product} {ergonomic}
    uintx NonProfiledCodeHeapSize                  = 122912730                              {pd product} {ergonomic}
    uintx ProfiledCodeHeapSize                     = 122912730                              {pd product} {ergonomic}
    uintx ReservedCodeCacheSize                    = 251658240                              {pd product} {ergonomic}
     bool SegmentedCodeCache                       = true                                      {product} {ergonomic}
     bool ShowCodeDetailsInExceptionMessages       = true                                   {manageable} {command line}
   size_t SoftMaxHeapSize                          = 2116026368                             {manageable} {ergonomic}
     bool UseCompressedClassPointers               = true                           {product lp64_product} {ergonomic}
     bool UseCompressedOops                        = true                           {product lp64_product} {ergonomic}
     bool UseG1GC                                  = true                                      {product} {ergonomic}
     bool UseLargePagesIndividualAllocation        = false                                  {pd product} {ergonomic}

Logging:
Log output configuration:
 #0: stdout all=warning uptime,level,tags foldmultilines=false
 #1: stderr all=off uptime,level,tags foldmultilines=false

Environment Variables:
PATH=C:\Program Files\Common Files\Oracle\Java\javapath;C:\WINDOWS\system32;C:\WINDOWS;C:\WINDOWS\System32\Wbem;C:\WINDOWS\System32\WindowsPowerShell\v1.0\;C:\WINDOWS\System32\OpenSSH\;C:\Users\admin\AppData\Local\Microsoft\WindowsApps;
USERNAME=admin
OS=Windows_NT
PROCESSOR_IDENTIFIER=Intel64 Family 6 Model 158 Stepping 10, GenuineIntel
TMP=C:\Users\admin\AppData\Local\Temp
TEMP=C:\Users\admin\AppData\Local\Temp



---------------  S Y S T E M  ---------------

OS:
 Windows 10 , 64 bit Build 19041 (10.0.19041.3636)
OS uptime: 1 days 22:35 hours

CPU: total 6 (initial active 6) (6 cores per cpu, 1 threads per core) family 6 model 158 stepping 10 microcode 0xb4, cx8, cmov, fxsr, mmx, 3dnowpref, sse, sse2, sse3, ssse3, sse4.1, sse4.2, popcnt, lzcnt, tsc, tscinvbit, avx, avx2, aes, erms, clmul, bmi1, bmi2, adx, fma, vzeroupper, clflush, clflushopt, rdtscp

Memory: 4k page, system-wide physical 8064M (1022M free)
TotalPageFile size 32637M (AvailPageFile size 64M)
current process WorkingSet (physical memory assigned to process): 10M, peak: 10M
current process commit charge ("private bytes"): 56M, peak: 184M

vm_info: Java HotSpot(TM) 64-Bit Server VM (19.0.1+10-21) for windows-amd64 JRE (19.0.1+10-21), built on 2022-09-14T12:45:06Z by "mach5one" with MS VC++ 17.1 (VS2022)

END.
